<?xml version="1.0" encoding="UTF-8"?>
<!-- Generated by org.testng.reporters.JUnitReportReporter -->
<testsuite skipped="0" hostname="HIBAIL55565" name="com.qa.testproject.TestCaseOne" tests="5" failures="0" timestamp="26 Sep 2019 05:16:41 GMT" time="0.026" errors="0">
  <testcase name="test3" time="0.001" classname="com.qa.testproject.TestCaseOne"/>
  <testcase name="test5" time="0.009" classname="com.qa.testproject.TestCaseOne"/>
  <testcase name="test1" time="0.011" classname="com.qa.testproject.TestCaseOne"/>
  <testcase name="test4" time="0.003" classname="com.qa.testproject.TestCaseOne"/>
  <testcase name="test2" time="0.002" classname="com.qa.testproject.TestCaseOne"/>
</testsuite> <!-- com.qa.testproject.TestCaseOne -->
